<?xml version="1.0" encoding="UTF-8"?>
<testsuite name="runner.TestRunner" time="0.011" tests="13" errors="0" skipped="3" failures="2">
  <properties>
[...]
</properties>
  <testcase name="Given I open the browser" classname="Scenario: As a valid user I should be able to login to the application" time="0.001"/>
  <testcase name="Given I open the browser" classname="Scenario: As a valid user I should be able to login to the application" time="0"/>
  <testcase name="When I go to the application" classname="Scenario: As a valid user I should be able to login to the application" time="0"/>
  <testcase name="When I go to the application" classname="Scenario: As a valid user I should be able to login to the application" time="0"/>
  <testcase name="Then I should see the logo" classname="Scenario: As a valid user I should be able to login to the application" time="0.005">
    <failure type="java.lang.AssertionError:">java.lang.AssertionError: null
	at org.junit.Assert.fail(Assert.java:86)
	at org.junit.Assert.assertTrue(Assert.java:41)
	at org.junit.Assert.assertTrue(Assert.java:52)
	at stepDefinition.LoginTest.i_should_see_the_logo(LoginTest.java:23)
	at ✽.Then I should see the logo(login.feature:7)
</failure>
    <system-out><![CDATA[I should see the logo
]]></system-out>
  </testcase>
  <testcase name="Scenario: As a valid user I should be able to login to the application" classname="Scenario: As a valid user I should be able to login to the application" time="0.005">
    <failure type="java.lang.AssertionError:">java.lang.AssertionError: null
	at org.junit.Assert.fail(Assert.java:86)
	at org.junit.Assert.assertTrue(Assert.java:41)
	at org.junit.Assert.assertTrue(Assert.java:52)
	at stepDefinition.LoginTest.i_should_see_the_logo(LoginTest.java:23)
	at ✽.Then I should see the logo(login.feature:7)
</failure>
  </testcase>
  <testcase name="Scenario: As a valid user I should be able to login to the application" classname="Scenario: As a valid user I should be able to login to the application" time="0.001"/>
  <testcase name="And I enter valid username" classname="Scenario: As a valid user I should be able to login to the application" time="0">
    <skipped/>
  </testcase>
  <testcase name="And I enter valid username" classname="Scenario: As a valid user I should be able to login to the application" time="0"/>
  <testcase name="And I enter valid password" classname="Scenario: As a valid user I should be able to login to the application" time="0">
    <skipped/>
  </testcase>
  <testcase name="And I enter valid password" classname="Scenario: As a valid user I should be able to login to the application" time="0.001"/>
  <testcase name="When I click the login button" classname="Scenario: As a valid user I should be able to login to the application" time="0">
    <skipped/>
  </testcase>
  <testcase name="When I click the login button" classname="Scenario: As a valid user I should be able to login to the application" time="0.001"/>
</testsuite>