<?xml version="1.0" encoding="UTF-8"?>
<testsuite name="runner.FailedRunner" time="0.003" tests="1" errors="1" skipped="0" failures="0">
  <properties>
[...]
</properties>
  <testcase name="initializationError" classname="runner.FailedRunner" time="0.003">
    <error message="Neither found on file system or on classpath: Not a file or directory: /Users/codegator/Desktop/eclipse-workspace/com.codegator.cucumber/login.feature, No resource found for: classpath:login.feature" type="java.lang.IllegalArgumentException"><![CDATA[java.lang.IllegalArgumentException: Neither found on file system or on classpath: Not a file or directory: /Users/codegator/Desktop/eclipse-workspace/com.codegator.cucumber/login.feature, No resource found for: classpath:login.feature
	at cucumber.runtime.model.CucumberFeature.loadFromFileSystemOrClasspath(CucumberFeature.java:84)
	at cucumber.runtime.model.CucumberFeature.loadFromRerunFile(CucumberFeature.java:67)
	at cucumber.runtime.model.CucumberFeature.load(CucumberFeature.java:52)
	at cucumber.runtime.model.CucumberFeature.load(CucumberFeature.java:34)
	at cucumber.runtime.RuntimeOptions.cucumberFeatures(RuntimeOptions.java:239)
	at cucumber.api.junit.Cucumber.<init>(Cucumber.java:62)
	at sun.reflect.NativeConstructorAccessorImpl.newInstance0(Native Method)
	at sun.reflect.NativeConstructorAccessorImpl.newInstance(NativeConstructorAccessorImpl.java:62)
	at sun.reflect.DelegatingConstructorAccessorImpl.newInstance(DelegatingConstructorAccessorImpl.java:45)
	at java.lang.reflect.Constructor.newInstance(Constructor.java:423)
	at org.junit.internal.builders.AnnotatedBuilder.buildRunner(AnnotatedBuilder.java:104)
	at org.junit.internal.builders.AnnotatedBuilder.runnerForClass(AnnotatedBuilder.java:86)
	at org.junit.runners.model.RunnerBuilder.safeRunnerForClass(RunnerBuilder.java:59)
	at org.junit.internal.builders.AllDefaultPossibilitiesBuilder.runnerForClass(AllDefaultPossibilitiesBuilder.java:26)
	at org.junit.runners.model.RunnerBuilder.safeRunnerForClass(RunnerBuilder.java:59)
	at org.junit.internal.requests.ClassRequest.getRunner(ClassRequest.java:33)
	at org.apache.maven.surefire.junit4.JUnit4Provider.execute(JUnit4Provider.java:283)
	at org.apache.maven.surefire.junit4.JUnit4Provider.executeWithRerun(JUnit4Provider.java:173)
	at org.apache.maven.surefire.junit4.JUnit4Provider.executeTestSet(JUnit4Provider.java:153)
	at org.apache.maven.surefire.junit4.JUnit4Provider.invoke(JUnit4Provider.java:128)
	at org.apache.maven.surefire.booter.ForkedBooter.invokeProviderInSameClassLoader(ForkedBooter.java:203)
	at org.apache.maven.surefire.booter.ForkedBooter.runSuitesInProcess(ForkedBooter.java:155)
	at org.apache.maven.surefire.booter.ForkedBooter.main(ForkedBooter.java:103)
]]></error>
    <system-out><![CDATA[
  Scenario: As a valid user I should be able to login to the application # login.feature:12
    Given I open the browser                                             # LoginTest.i_open_the_browser()
    When I go to the application                                         # LoginTest.i_go_to_the_application()
    #Then I should see the logo
    And I enter valid username                                           # LoginTest.i_enter_valid_username()
    And I enter valid password                                           # LoginTest.i_enter_valid_password()
    When I click the login button                                        # LoginTest.i_click_the_login_button()

Failed scenarios:
login.feature:4 # Scenario: As a valid user I should be able to login to the application

2 Scenarios (1 failed, 1 passed)
11 Steps (1 failed, 3 skipped, 7 passed)
0m0.127s

java.lang.AssertionError
	at org.junit.Assert.fail(Assert.java:86)
	at org.junit.Assert.assertTrue(Assert.java:41)
	at org.junit.Assert.assertTrue(Assert.java:52)
	at stepDefinition.LoginTest.i_should_see_the_logo(LoginTest.java:23)
	at ✽.Then I should see the logo(login.feature:7)

]]></system-out>
  </testcase>
</testsuite>